         w __deregister_frame_info
         w __register_frame_info
         w __syscall_lock_close_recursive
         w userAppExit
         w userAppInit
00000000 00000802 B __ctru_dev_utf16_buf
00000000 b _TLS_MODULE_BASE_
00000000 a shift
00000000 a shift
00000804 00000401 B __ctru_dev_path_buf
00100000 A __start__
00100000 T _start
00100008 T __service_ptr
0010000c T __apt_appid
00100010 T __heap_size
00100014 T __linear_heap_size
00100018 T __system_arglist
0010001c T __system_runflags
00100020 t startup
00100058 t ClearMem
0010006c t ClrLoop
00100094 T _init
001000ac t .udivsi3_skip_div0_test
001000ac T __aeabi_uidiv
001000ac 000001ec T __udivsi3
00100298 00000020 T __aeabi_uidivmod
001002b8 T __aeabi_idiv
001002b8 00000220 T __divsi3
001002c0 t .divsi3_skip_div0_test
001004d8 00000020 T __aeabi_idivmod
001004f8 00000004 W __aeabi_idiv0
001004f8 00000004 W __aeabi_ldiv0
001004fc T __aeabi_drsub
00100504 000002b0 T __aeabi_dsub
00100504 000002b0 T __subdf3
00100508 000002ac T __adddf3
00100508 000002ac T __aeabi_dadd
001007b4 00000024 T __aeabi_ui2d
001007b4 00000024 T __floatunsidf
001007d8 00000028 T __aeabi_i2d
001007d8 00000028 T __floatsidf
00100800 00000048 T __aeabi_f2d
00100800 00000048 T __extendsfdf2
00100848 00000074 T __aeabi_ul2d
00100848 00000074 T __floatundidf
0010085c 00000060 T __aeabi_l2d
0010085c 00000060 T __floatdidf
001008bc T __aeabi_ldivmod
00100990 T __aeabi_uldivmod
001009e8 00000390 T strcmp
00100d70 t __do_global_dtors_aux
00100db0 t frame_dummy
00100ddc 00000210 T main
00100fec 00000044 t C2Di_FrameEndHook
00101030 0000036c T C2D_Init
0010139c 0000004c T C2D_Fini
001013e8 000000b8 T C2D_Prepare
001014a0 00000048 T C2D_Flush
001014e8 00000104 T C2D_SceneSize
001015ec 00000058 T C2D_CreateScreenTarget
00101644 00000064 T C2D_TargetClear
001016a8 0000006c T C2D_SpriteSheetLoadFromHandle
00101714 00000048 T C2D_SpriteSheetLoad
0010175c 00000028 T C2D_SpriteSheetFree
00101784 0000002c T C2D_SpriteSheetGetImage
001017b0 00000004 W C3Di_LightEnvUpdate
001017b4 00000004 W C3Di_LightEnvDirty
001017b8 000000b4 t C3Di_AptEventHook
0010186c 00000004 W C3Di_GasUpdate
00101870 000001e0 T C3D_Init
00101a50 00000098 T C3D_SetViewport
00101ae8 000004e8 T C3Di_UpdateContext
00101fd0 000000e0 T C3Di_SplitFrame
001020b0 00000010 T C3D_GetCmdBufUsage
001020c0 00000044 T C3D_Fini
00102104 00000114 T C3D_BindProgram
00102218 0000004c t onVBlank0
00102264 0000004c t onVBlank1
001022b0 00000080 t C3Di_RenderTargetDestroy
00102330 000000f4 t onQueueFinish
00102424 00000038 T C3Di_RenderQueueEnableVBlank
0010245c 00000030 T C3Di_RenderQueueDisableVBlank
0010248c 00000060 T C3Di_RenderQueueInit
001024ec 000000b0 T C3Di_RenderQueueExit
0010259c 00000034 T C3Di_RenderQueueWaitDone
001025d0 000000e4 T C3D_FrameBegin
001026b4 00000048 T C3D_FrameDrawOn
001026fc 00000058 T C3D_FrameSplit
00102754 000001d8 T C3D_FrameEnd
0010292c 0000001c T C3D_FrameEndHook
00102948 00000018 T C3D_GetDrawingTime
00102960 00000018 T C3D_GetProcessingTime
00102978 00000184 T C3D_RenderTargetCreate
00102afc 000000a8 T C3D_RenderTargetSetOutput
00102ba4 000000fc T C3D_SyncTextureCopy
00102ca0 00000294 T C3D_TexInitWithParams
00102f34 000000c8 T C3D_TexLoadImage
00102ffc 00000074 T C3D_TexDelete
00103070 0000016c T C3Di_SetTex
001031dc 000003f4 t Tex3DSi_ImportCommon
001035d0 00000038 T Tex3DS_TextureImportStdio
00103608 0000001c T Tex3DS_GetSubTexture
00103624 00000004 T Tex3DS_TextureFree
00103628 0000001c T C3D_CalcColorBufSize
00103644 0000001c T C3D_CalcDepthBufSize
00103660 00000044 T C3D_SetFrameBuf
001036a4 0000016c T C3Di_FrameBufBind
00103810 000000c8 T C3D_FrameBufClear
001038d8 00000044 T C3D_FrameBufTransfer
0010391c 00000034 T C3D_GetTexEnv
00103950 00000024 T C3Di_TexEnvBind
00103974 00000218 T C3D_DrawElements
00103b8c 00000070 T C3D_ProcTexInit
00103bfc 000000a4 T ProcTexLut_FromArray
00103ca0 0000017c T C3Di_ProcTexUpdate
00103e1c 00000068 T C3Di_ProcTexDirty
00103e84 00000024 T BufInfo_Init
00103ea8 00000080 T BufInfo_Add
00103f28 00000040 T C3D_SetBufInfo
00103f68 00000048 T C3Di_BufInfoBind
00103fb0 00000040 T C3D_DepthMap
00103ff0 0000001c T C3D_CullFace
0010400c 00000040 T C3D_StencilTest
0010404c 00000024 T C3D_StencilOp
00104070 0000001c T C3D_BlendingColor
0010408c 00000024 T C3D_EarlyDepthTest
001040b0 0000002c T C3D_DepthTest
001040dc 0000002c T C3D_AlphaTest
00104108 00000050 T C3D_AlphaBlend
00104158 00000030 T C3D_FragOpMode
00104188 00000044 T C3D_FragOpShadow
001041cc 000001ac T C3Di_EffectBind
00104378 00000028 T AttrInfo_Init
001043a0 00000094 T AttrInfo_AddLoader
00104434 00000054 T C3D_SetAttrInfo
00104488 00000080 T C3Di_AttrInfoBind
00104508 000000a8 T C3D_ImmSendAttrib
001045b0 00000280 T C3D_UpdateUniforms
00104830 000000c0 T C3Di_DirtyUniforms
001048f0 000000d8 T C3Di_LoadShaderUniforms
001049c8 00000028 T C3Di_ClearShaderUniforms
001049f0 000000cc T Mtx_Ortho
00104abc 000000cc T Mtx_OrthoTilt
00104b88 00000024 t addrMapNodeComparator(rbtree_node const*, rbtree_node const*)
00104bac 00000004 t addrMapNodeDestructor(rbtree_node*)
00104bb0 00000250 T vramMemAlignAt
00104e00 0000000c T vramAlloc
00104e0c 0000000c T vramAllocAt
00104e18 00000090 T vramFree
00104ea8 00000024 t addrMapNodeComparator(rbtree_node const*, rbtree_node const*)
00104ecc 00000004 t addrMapNodeDestructor(rbtree_node*)
00104ed0 00000120 T linearMemAlign
00104ff0 00000008 T linearAlloc
00104ff8 0000005c T linearFree
00105054 00000080 T MemPool::CoalesceRight(MemBlock*)
001050d4 0000016c T MemPool::Allocate(MemChunk&, unsigned long, int)
00105240 000000fc T MemPool::Deallocate(MemChunk const&)
0010533c 00000030 T MemPool::GetFreeSpace()
0010536c 00000008 t romfs_close
00105374 000000c0 t romfs_seek
00105434 00000024 t romfs_dirreset
00105458 000000c8 t fill_dir
00105520 0000028c t romfs_dirnext
001057ac 00000084 t romfs_free
00105830 000000d4 t searchForFile.constprop.0
00105904 000000d8 t searchForDir.constprop.0
001059dc 000001c0 t navigateToDir.constprop.0
00105b9c 0000010c t romfs_open
00105ca8 0000004c t romfs_chdir
00105cf4 00000070 t romfs_diropen
00105d64 00000174 t romfs_stat
00105ed8 00000008 t romfs_dirclose
00105ee0 00000084 t romfs_fstat
00105f64 000000d0 t romfs_read
00106034 0000028c T romfsMountFromFile
001062c0 00000098 T romfsMountFromCurrentProcess
00106358 00000260 T romfsMountSelf
001065b8 000000a0 T romfsUnmount
00106658 00000074 T osConvertVirtToPhys
001066cc 00000054 T osGetTimeRef
00106720 000000ec T osGetTime
00106810 00000038 T osTickCounterRead
00106848 00000034 T __ctru_speedup_config
0010687c 000001e8 t parseColor
00106a64 000001ac T consoleDrawChar
00106c10 00000124 T consolePrintChar
00106d34 00000b94 T con_write
001078c8 000000fc t newRow
001079c4 00000168 T consoleInit
00107b2c 000000d0 t gfxPresentFramebuffer
00107bfc 0000001c T gfxIsWide
00107c18 000000ec T gfxSetScreenFormat
00107d04 00000010 T gfxSetDoubleBuffering
00107d14 000000e0 T gfxInit
00107df4 00000010 T gfxInitDefault
00107e04 000000b4 T gfxExit
00107eb8 000000a0 T gfxGetFramebuffer
00107f58 00000104 T gfxFlushBuffers
0010805c 00000030 T gfxScreenSwapBuffers
0010808c 00000050 T gfxSwapBuffersGpu
001080dc 000001d4 T shaderInstanceInit
001082b0 00000018 T shaderInstanceGetUniformLocation
001082c8 0000001c T shaderProgramInit
001082e4 00000064 T shaderProgramFree
00108348 00000080 T shaderProgramSetVsh
001083c8 000008e0 T shaderProgramConfigure
00108ca8 000001cc t DVLE_GenerateOutmap.part.0
00108e74 000001b4 T DVLB_ParseFile
00109028 00000038 T DVLB_Free
00109060 00000074 T DVLE_GetUniformRegister
001090d4 00000010 T GX_BindQueue
001090e4 00000078 T GX_ProcessCommandList
0010915c 00000074 T GX_MemoryFill
001091d0 00000070 T GX_DisplayTransfer
00109240 00000074 T GX_TextureCopy
001092b4 00000068 t gxCmdQueueDoCommands.part.0
0010931c 000000c8 T gxCmdQueueInterrupt
001093e4 0000004c T gxCmdQueueClear
00109430 000000f8 T gxCmdQueueAdd
00109528 00000080 T gxCmdQueueRun
001095a8 00000060 T gxCmdQueueStop
00109608 00000074 T gxCmdQueueWait
0010967c 0000013c T GPUCMD_Add
001097b8 000000b0 T GPUCMD_Split
00109868 00000034 T f32tof16
0010989c 00000034 T f32tof24
001098d0 00000038 T f32tof31
00109908 00000c58 t gspHardwareInit
0010a560 00000248 T gspInit
0010a7a8 000000f0 T gspExit
0010a898 00000010 T gspHasGpuRight
0010a8a8 000000a0 T gspPresentBuffer
0010a948 00000030 T gspSetEventCallback
0010a978 00000044 T gspWaitForEvent
0010a9bc 0000004c T gspWaitForAnyEvent
0010aa08 00000158 t gspEventThreadMain
0010ab60 00000130 T gspSubmitGxCommand
0010ac90 00000050 T GSPGPU_FlushDataCache
0010ace0 00000034 T GSPGPU_SetLcdForceBlack
0010ad14 00000068 T GSPGPU_AcquireRight
0010ad7c 00000048 T GSPGPU_ReleaseRight
0010adc4 0000007c T GSPGPU_ImportDisplayCaptureInfo
0010ae40 0000002c T GSPGPU_SaveVramSysArea
0010ae6c 0000002c T GSPGPU_RestoreVramSysArea
0010ae98 000001a4 t aptConvertScreenForCapture
0010b03c 00000008 W aptDspSleep
0010b044 00000004 W aptDspWakeup
0010b048 00000004 W aptDspCancel
0010b04c 00000158 T aptSendCommand
0010b1a8 00000044 t aptExitProcess
0010b1ec 000002f4 T aptExit
0010b4e0 000000e0 T aptHandleSleep
0010b5c0 00000030 T aptHook
0010b5f0 00000030 T aptUnhook
0010b620 00000084 T APT_SleepIfShellClosed
0010b6a4 00000084 T aptSetSleepAllowed
0010b728 00000084 T APT_UnlockTransition
0010b7b0 000004a4 t aptEventHandler
0010bc54 000000b0 T APT_ReceiveParameter
0010bd04 000000b0 t aptReceiveParameter.constprop.0
0010bdb8 000002ac t aptScreenTransfer
0010c064 00000344 t aptWaitForWakeUp.isra.0
0010c3a8 00000100 T aptJumpToHomeMenu
0010c4a8 00000048 T aptMainLoop
0010c4f0 0000022c T aptInit
0010c71c 0000007c T APT_CheckNew3DS
0010c798 00000024 W hidShouldUseIrrst
0010c7bc 0000018c T hidInit
0010c948 000000e8 T hidExit
0010ca30 000002a4 T hidScanInput
0010ccd4 00000010 T hidKeysHeld
0010cce4 00000010 T hidKeysDown
0010ccf4 00000074 T ptmSysmInit
0010cd68 0000003c T ptmSysmExit
0010cda4 00000034 T PTMSYSM_ConfigureNew3DSCPU
0010cdd8 000000cc T fsInit
0010cea4 0000003c T fsExit
0010cee0 00000060 T fsExemptFromSession
0010cf40 00000050 T fsUnexemptFromSession
0010cf90 000000cc T FSUSER_OpenFile
0010d05c 000000d4 T FSUSER_OpenFileDirectly
0010d130 000000bc T FSUSER_DeleteFile
0010d1ec 000000f8 T FSUSER_RenameFile
0010d2e4 000000bc T FSUSER_DeleteDirectory
0010d3a0 000000d4 T FSUSER_CreateFile
0010d474 000000c4 T FSUSER_CreateDirectory
0010d538 000000f8 T FSUSER_RenameDirectory
0010d630 000000b4 T FSUSER_OpenDirectory
0010d6e4 00000098 T FSUSER_OpenArchive
0010d77c 0000008c T FSUSER_CloseArchive
0010d808 00000074 T FSUSER_GetSdmcArchiveResource
0010d87c 00000064 T FSUSER_IsSdmcWritable
0010d8e0 00000058 T FSFILE_Read
0010d938 00000060 T FSFILE_Write
0010d998 0000003c T FSFILE_GetSize
0010d9d4 00000028 T FSFILE_SetSize
0010d9fc 0000003c T FSFILE_Close
0010da38 00000024 T FSFILE_Flush
0010da5c 00000050 T FSDIR_Read
0010daac 0000003c T FSDIR_Close
0010dae8 000000c4 t buffer_read
0010dbac 000000d0 t iov_read
0010dc7c 00000138 t iov_memmove
0010ddb4 000001dc t decompress_rle
0010df90 00000244 t decompress_lzss
0010e1d4 00000424 t decompress_lz11
0010e5f8 000002d8 t decompress_huff
0010e8d0 00000010 T decompressCallback_Stdio
0010e8e0 000000dc T decompressHeader
0010e9bc 00000240 T decompressV
0010ebfc 00000010 T rbtree_init
0010ec0c 000001b4 t do_insert
0010edc0 00000008 T rbtree_insert
0010edc8 00000090 T rbtree_rotate
0010ee58 00000318 T rbtree_remove
0010f170 00000074 T rbtree_find
0010f1e4 000000e8 T utf16_to_utf8
0010f2cc 00000064 T decode_utf16
0010f330 000000c0 T utf8_to_utf16
0010f3f0 000001e0 W __system_allocateHeaps
0010f5d0 00000038 W __libctru_init
0010f608 00000170 W __system_initArgv
0010f778 T svcControlMemory
0010f798 T svcQueryMemory
0010f7c8 T svcExitProcess
0010f7d0 T svcCreateThread
0010f7f0 T svcExitThread
0010f7f8 T svcSleepThread
0010f800 T svcReleaseMutex
0010f808 T svcCreateEvent
0010f81c T svcSignalEvent
0010f824 T svcClearEvent
0010f82c T svcMapMemoryBlock
0010f834 T svcUnmapMemoryBlock
0010f83c T svcCreateAddressArbiter
0010f850 T svcArbitrateAddressNoTimeout
0010f858 T svcCloseHandle
0010f860 T svcWaitSynchronization
0010f868 T svcWaitSynchronizationN
0010f890 T svcDuplicateHandle
0010f8a4 T svcGetSystemTick
0010f8ac T svcConnectToPort
0010f8c0 T svcSendSyncRequest
0010f8c8 T svcGetResourceLimit
0010f8dc T svcGetResourceLimitLimitValues
0010f8e4 T svcGetResourceLimitCurrentValues
0010f8ec T svcBreak
0010f8f4 W initSystem
0010f944 W __ctru_exit
0010f95c T __aeabi_read_tp
0010f968 0000000c T __sync_init
0010f974 00000018 T __sync_fini
0010f98c 0000002c T syncArbitrateAddress
0010f9b8 000000b0 T LightLock_Lock
0010fa68 00000040 T LightLock_Unlock
0010faa8 00000024 T RecursiveLock_Init
0010facc 00000030 T RecursiveLock_Lock
0010fafc 00000054 T RecursiveLock_Unlock
0010fb50 00000040 T LightEvent_Init
0010fb90 000000a4 T LightEvent_Clear
0010fc34 000000c8 T LightEvent_Signal
0010fcfc 00000050 T LightEvent_TryWait
0010fd4c 000000b0 T LightEvent_Wait
0010fdfc 00000084 W envGetHandle
0010fe80 00000050 W envDestroyHandles
0010fed0 00000130 T srvInit
00110000 00000058 T srvExit
00110058 000000a0 T srvGetServiceHandleDirect
001100f8 00000038 T srvGetServiceHandle
00110130 00000038 T srvPublishToSubscriber
00110168 00000178 T threadCreate
001102e0 0000002c T threadFree
0011030c 00000024 T threadJoin
00110330 00000030 T threadGetCurrent
00110360 00000040 T threadExit
001103a0 00000020 t _thread_begin
001103c0 000000b4 t mappableFindAddressWithin
00110474 00000028 T mappableInit
0011049c 00000080 T mappableAlloc
0011051c 00000004 T mappableFree
00110520 00000164 T irrstInit
00110684 000000cc T irrstExit
00110750 000000b4 T irrstScanInput
00110804 00000024 T irrstKeysHeld
00110828 0000000c T srvPmGetSessionHandle
00110834 0000005c T rbtree_node_next
00110890 00000054 T encode_utf16
001108e4 000000e0 T encode_utf8
001109c4 0000013c T decode_utf8
00110b00 00000030 W __appInit
00110b30 00000030 T __syscall_getreent
00110b60 00000074 T __syscall_gettod_r
00110bd4 00000004 T __syscall_lock_acquire
00110bd8 00000004 T __syscall_lock_release
00110bdc 00000004 T __syscall_lock_init_recursive
00110be0 00000004 T __syscall_lock_acquire_recursive
00110be4 00000004 T __syscall_lock_release_recursive
00110be8 00000004 T __syscall_exit
00110bec 00000050 T initThreadVars
00110c3c 00000068 T __system_initSyscalls
00110ca4 00000030 W __appExit
00110cd4 00000090 W __libctru_exit
00110d64 00000014 t archive_link
00110d78 00000014 t archive_dirreset
00110d8c 00000014 t archive_chmod
00110da0 00000024 t error_cmp
00110dc4 00000050 t archive_translate_error
00110e14 000000c8 t archive_seek
00110edc 0000007c t _archiveInit.part.0
00110f58 000000c4 t archiveFindDevice.part.0
0011101c 0000025c t archive_utf16path
00111278 000000a0 t _archiveUnmountDeviceStruct.part.0
00111318 00000014 t archive_fchmod
0011132c 00000014 t archive_statvfs
00111340 00000164 t _archiveMountDevice
001114a4 000000e8 t archive_diropen
0011158c 000000a4 t archive_fstat
00111630 0000006c t archive_close
0011169c 0000006c t archive_fsync
00111708 00000070 t archive_dirclose
00111778 000000e8 t sdmc_statvfs
00111860 000000ec t archive_chdir
0011194c 0000007c t archive_ftruncate
001119c8 000000ac t archive_read
00111a74 000000a4 t archive_unlink
00111b18 000000bc t archive_rmdir
00111bd4 000000dc t archive_mkdir
00111cb0 0000019c t archive_stat
00111e4c 0000015c t archive_dirnext
00111fa8 000000ec t archive_write
00112094 000001d4 t archive_open
00112268 00000278 t archive_rename
001124e0 0000019c T archiveMountSdmc
0011267c 00000054 T archiveUnmountAll
001126d0 00000120 T __udivmoddi4
001127f0 00000078 T bsearch
00112868 00000020 T calloc
00112888 000000c0 T _calloc_r
00112948 0000000c T __errno
00112954 00000034 T exit
00112988 0000015c T _fclose_r
00112ae4 00000018 T fclose
00112afc 00000234 T __sflush_r
00112d30 00000094 T _fflush_r
00112dc4 00000038 T fflush
00112dfc 0000000c T _cleanup_r
00112e08 00000184 T __sinit
00112f8c 00000134 T __sfp
001130c0 0000000c T __sfp_lock_acquire
001130cc 0000000c T __sfp_lock_release
001130d8 0000003c T __libc_fini_array
00113114 00000134 T _fopen_r
00113248 00000020 T fopen
00113268 000002d0 T _fread_r
00113538 00000038 T fread
00113570 000000f8 T _malloc_trim_r
00113668 000002e8 T _free_r
00113950 0000001c T _fseek_r
0011396c 00000590 T _fseeko_r
00113efc 00000068 T _fwalk
00113f64 00000070 T _fwalk_reent
00113fd4 00000084 T __libc_init_array
00114058 00000138 T __smakebuf_r
00114190 0000008c T __swhatbuf_r
0011421c 00000020 T memalign
0011423c 0000014c T _memalign_r
00114388 00000018 T malloc
001143a0 00000018 T free
001143b8 000007e4 T _malloc_r
00114b9c 000000e4 T memchr
00114c80 000000b0 T memcmp
00114d30 00000118 T memcpy
00114e48 000000f4 T memset
00114f3c 0000000c T __malloc_lock
00114f48 0000000c T __malloc_unlock
00114f54 00000034 T printf
00114f88 0000001c t lflush
00114fa4 00000198 T __srefill_r
0011513c 0000025c T setvbuf
00115398 00000074 T sscanf
0011540c 00000044 T __sread
00115450 00000008 T __seofread
00115458 00000068 T __swrite
001154c0 00000044 T __sseek
00115504 00000008 T __sclose
0011550c 00000130 T strchr
0011563c 0000005c T strlen
00115698 000000e4 T strncat
0011577c 000000e4 T strncmp
00115860 000000c4 T strncpy
00115924 00000048 T strnlen
0011596c 000001c4 t _strtoul_l.constprop.0
00115b30 00000004 T _strtoul_r
00115b34 00000028 T strtoul
00115b5c 00000050 t get_arg
00115bac 00002c38 T __ssvfscanf_r
001187e4 0000003c T time
00118820 0000066c t get_arg
00118e90 0000339c T _vfprintf_r
0011c22c 000000d0 t __sbprintf
0011c2fc 00000054 T _wcrtomb_r
0011c350 00000028 T _wcsrtombs_r
0011c378 0000013c T __swsetup_r
0011c4b4 00000114 T __call_exitprocs
0011c5c8 000001b0 t quorem
0011c778 000011f8 T _dtoa_r
0011d970 000000c8 T __sflags
0011da38 00000008 T iswspace
0011da40 0000000c T _localeconv_r
0011da4c 00000010 T __locale_mb_cur_max
0011da5c 00000068 T _mbrtowc_r
0011dac4 000002f8 T __utf8_mbtowc
0011ddbc 00000088 T _Balloc
0011de44 0000001c T _Bfree
0011de60 000000f4 T __multadd
0011df54 00000110 T __s2b
0011e064 00000060 T __hi0bits
0011e0c4 0000009c T __lo0bits
0011e160 000000a8 T __i2b
0011e208 00000204 T __multiply
0011e40c 00000124 T __pow5mult
0011e530 00000140 T __lshift
0011e670 00000058 T __mcmp
0011e6c8 000001ec T __mdiff
0011e8b4 00000068 T __ulp
0011e91c 000000d0 T __b2d
0011e9ec 00000120 T __d2b
0011eb0c 00000078 T __ratio
0011eb84 00000088 T __copybits
0011ec0c 0000005c T __any_on
0011ec68 00000020 T realloc
0011ec88 000004a0 T _realloc_r
0011f128 000000f4 T __sccl
0011f21c 0000000c T nanf
0011f228 00000088 T frexp
0011f2b0 00000064 T sprintf
0011f314 000000cc T stpncpy
0011f3e0 00000064 t sulp
0011f448 000013a8 T _strtod_l
001207f0 0000000c T _strtod_r
001207fc 0000022c t _strtoll_l.constprop.0
00120a28 00000004 T _strtoll_r
00120a2c 000001a4 t _strtol_l.part.0
00120bd0 0000003c T _strtol_r
00120c0c 00000244 t _strtoull_l.constprop.0
00120e50 00000004 T _strtoull_r
00120e54 00000188 T __ssprint_r
00120fdc 000000d4 T _sungetc_r
001210b0 0000006c T __ssrefill_r
0012111c 000000c4 T _sfread_r
001211e0 0000066c t get_arg
00121850 00003334 T _svfprintf_r
00124b84 000000a8 T __submore
00124c2c 0000066c t get_arg
00125298 00000030 T __sprint_r
001252c8 000022ec T _vfiprintf_r
001275b4 000000d0 t __sbprintf
00127684 00000188 T _wcsnrtombs_l
0012780c 0000004c T _wcsnrtombs_r
00127858 000000f0 T __utf8_wctomb
00127948 0000005c T __assert_func
001279a4 0000003c T fiprintf
001279e0 000004b4 T __sfvwrite_r
00127e94 000000f0 t rshift
00127f84 00000814 T __gethex
00128798 0000004c T __match
001287e4 0000029c T __hexnan
00128a80 0000003c T iswspace_l
00128abc 000001d8 t __jp2uc
00128c94 0000009c T _jp2uc_l
00128d30 00000150 T memmove
00128e80 00000010 T nan
00128e90 00000014 T abort
00128ea4 0000008c T category
00128f30 00000090 T _raise_r
00128fc0 00000018 T raise
00128fd8 00000008 t null_write
00128fe0 00000018 T setDefaultDevice
00128ff8 000000c8 T FindDevice
001290c0 00000028 T RemoveDevice
001290e8 0000009c T AddDevice
00129184 00000020 T GetDeviceOpTab
001291a4 00000078 T _fstat_r
0012921c 00000014 T _getpid_r
00129230 00000030 T _gettimeofday_r
00129260 00000008 T _isatty_r
00129268 00000014 T _kill_r
0012927c 00000084 T _lseek_r
00129300 000000c0 T _open_r
001293c0 00000080 T _read_r
00129440 00000078 T _sbrk_r
001294b8 00000080 T _write_r
00129538 00000020 T _exit
00129558 000001a4 T _concatenate_path
001296fc 00000140 T chdir
0012983c 00000008 T __flockfile
00129844 00000008 T __funlockfile
0012984c 0000008c T __release_handle
001298d8 000000b0 T __alloc_handle
00129988 0000003c T __get_handle
001299c4 000000f4 T _close_r
00129ab8 0000002c T __getreent
00129ae4 0000001c T __libc_lock_acquire
00129b00 0000001c T __libc_lock_release
00129b1c 0000001c T __libc_lock_init_recursive
00129b38 0000001c T __libc_lock_acquire_recursive
00129b54 0000001c T __libc_lock_release_recursive
00129b70 0000001c T __libc_lock_close_recursive
00129b8c 00000038 T __aeabi_d2lz
00129b8c 00000038 T __fixdfdi
00129bc8 00000040 T __aeabi_d2ulz
00129bc8 00000040 T __fixunsdfdi
00129c08 00000048 T strrchr
00129c50 T _fini
0012a0cc R render2d_shbin
0012a258 R render2d_shbin_end
0012a258 R render2d_shbin_size
0012a25c 00000038 r CSWTCH.19
0012a294 00000005 r colorFmtSizes
0012a29c 00000004 r depthFmtSizes
0012a2c4 00000070 r romFS_devoptab
0012a3ac 00000070 r dotab_stdout
0012a41c 00000018 r grayScale
0012a434 00000006 r colorCube
0012a43c 00000030 r colorTable
0012a490 00000008 r morton_y.2
0012a498 00000008 r morton_x.3
0012a4a0 00000008 r s_sleepWakeEvents.4
0012a4e0 R default_font_bin
0012ace0 R default_font_bin_end
0012ad04 00000030 r error_table
0012ad3c 00000070 r archive_devoptab
0012adac 00000004 R _global_impure_ptr
0012adb8 00000022 r basefix.0
0012ae18 00000010 r zeroes.0
0012ae28 00000010 r blanks.1
0012ae38 00000101 R _ctype_
0012af4c r .LC2
0012b03c 0000000c r p05.0
0012b048 00000028 R __mprec_bigtens
0012b070 000000c8 R __mprec_tens
0012b148 00000014 r fpinan.0
0012b15c 00000014 r fpi.1
0012b170 00000028 r tinytens
0012b198 0000006c R __action_table
0012b204 0000006c R __state_table
0012b270 00000100 R __chclass
0012b370 00000010 r zeroes.0
0012b380 00000010 r blanks.1
0012b390 00000010 r zeroes.0
0012b3a0 00000010 r blanks.1
0012b440 00000100 R __hexdig
0012b554 00001a7c r d02f4
0012cfd0 0000172a r b02cf
0012e6fc 00000040 r a8
0012e73c 000000a2 r a7
0012e7e0 00000070 r a6
0012e850 0000005b r a3
0012e8ac 000000bc r a2
0012e968 000000bc r a1
0012ea24 00003528 r categories
00131f4c 00000070 R dotab_stdnull
00131fbc r 
00131fbc R __exidx_end
00131fbc R __exidx_start
00132000 00000004 d framerate
00132004 00000008 d framerateCounter
0013200c 00000001 d firstConsoleInit.0
00132010 00000004 D currentConsole
00132014 00000048 D defaultConsole
0013205c 00000004 d queueLock
00132060 00000004 d kCount
00132064 00000004 d kInterval
00132068 00000004 d kDelay
0013206c W __stacksize__
00132070 00000004 D _impure_ptr
00132078 00000460 d impure_data
001324d8 00000004 D __malloc_sbrk_base
001324dc 00000004 D __malloc_trim_threshold
001324e0 00000408 D __malloc_av_
001328e8 0000016c D __global_locale
00132a54 0000008c D devoptab_list
00132ae0 00000004 d defaultDevice
00132ae4 00000400 d _current_working_directory
00132ee4 00001000 d handles
00133ee4 0000000c d __stderr_handle
00133ef0 0000000c d __stdout_handle
00133efc 0000000c d __stdin_handle
00133f10 d _GLOBAL_OFFSET_TABLE_
00133f1c d __frame_dummy_init_array_entry
00133f1c D __init_array_start
00133f1c B __preinit_array_end
00133f1c B __preinit_array_start
00133f1c D __tdata_lma
00133f1c D __tdata_lma_end
00133f20 d __do_global_dtors_aux_fini_array_entry
00133f20 D __fini_array_start
00133f20 D __init_array_end
00133f24 D __bss_start__
00133f24 D __fini_array_end
00133f28 00000004 b spriteSheet
00133f30 00009000 b sprites
0013cf30 b completed.1
0013cf34 b object.0
0013cf50 000005a8 B __C2Di_Context
0013d4f8 00000040 b s_projBot
0013d538 00000040 b s_projTop
0013d578 00000004 b uLoc_mdlvMtx
0013d57c 00000004 b uLoc_projMtx
0013d580 000002d0 B __C3D_Context
0013d850 0000000c b hookCookie
0013d860 00000010 b cpuTime
0013d870 00000004 b firstTarget
0013d874 00000008 b frameCounter
0013d87c 00000004 b frameEndCb
0013d880 00000004 b frameEndCbData
0013d888 00000010 b gpuTime
0013d898 00000001 b inFrame
0013d899 00000001 b inSafeTransfer
0013d89a 00000001 b isTopStereo
0013d89c 00000004 b lastTarget
0013d8a0 0000000c b linkedTarget
0013d8ac 00000001 b measureGpuTime
0013d8ad 00000001 b needSwapBot
0013d8ae 00000001 b needSwapTop
0013d8b0 00000004 B C3D_BoolUnifs
0013d8b4 00000002 B C3D_BoolUnifsDirty
0013d8b8 00000c00 B C3D_FVUnif
0013e4b8 000000c0 B C3D_FVUnifDirty
0013e578 00000020 B C3D_IVUnif
0013e598 00000008 B C3D_IVUnifDirty
0013e5a0 000000c0 b C3Di_FVUnifEverDirty
0013e660 00000008 b C3Di_IVUnifEverDirty
0013e668 00000018 b C3Di_ShaderFVecData
0013e680 00000008 b sVramPoolB
0013e688 00000008 b sVramPoolA
0013e690 0000000c b sAddrMap
0013e6a0 00000008 b sLinearPool
0013e6a8 0000000c b sAddrMap
0013e6b4 00000004 b romfs_mount_list
0013e6b8 00000004 V __romfs_path
0013e6bc 00000001 V __ctru_speedup
0013e6c0 00000048 B currentCopy
0013e708 00000004 b screenAlloc
0013e70c 00000004 b screenFree
0013e710 00000002 b gfxIsDoubleBuf
0013e714 00000002 b gfxCurBuf
0013e716 00000001 b gfxIsVram
0013e717 00000001 b gfxTopMode
0013e718 00000002 b gfxFramebufferFormats
0013e71c 00000004 b gfxBottomFramebufferMaxSize
0013e720 00000004 b gfxTopFramebufferMaxSize
0013e728 00000008 b gfxBottomFramebuffers
0013e730 00000008 b gfxTopFramebuffers
0013e738 00000004 b boundQueue
0013e73c 00000001 b shouldStop
0013e73d 00000001 b isRunning
0013e73e 00000001 b isActive
0013e740 00000004 b curQueue
0013e744 00000004 B gpuCmdBufOffset
0013e748 00000004 B gpuCmdBufSize
0013e74c 00000004 B gpuCmdBuf
0013e750 00000007 b gspEventCbOneShot
0013e758 0000001c b gspEventCbData
0013e774 0000001c b gspEventCb
0013e790 00000038 b gspEvents
0013e7c8 00000004 b gspLastEvent
0013e7cc 00000001 b gspRunEvents
0013e7d0 00000004 b gspEventThread
0013e7d4 00000004 b gspEvent
0013e7d8 00000001 b gspGpuRight
0013e7d9 00000001 b gspThreadId
0013e7dc 00000004 b gspSharedMem
0013e7e0 00000004 b gspSharedMemHandle
0013e7e4 00000004 b gspRefCount
0013e7e8 00000004 b gspGpuHandle
0013e7ec 00000001 b flagValue.0
0013e7ed 00000001 b flagInit.1
0013e7f0 00000004 b serviceName.6
0013e7f4 00000001 b aptChainloadMediatype
0013e7f8 00000008 b aptChainloadTid
0013e800 00000001 b aptChainloadFlags
0013e804 00001000 b aptParameters
0013f804 00000004 b aptFlags
0013f808 00000001 b aptHomeButtonState
0013f80c 00000004 b aptMessageFuncData
0013f810 00000004 b aptMessageFunc
0013f814 0000000c b aptFirstHook
0013f820 00000001 b aptEventHandlerThreadQuit
0013f824 00000004 b aptEventHandlerThread
0013f828 00000008 b aptSleepEvent
0013f830 00000008 b aptReceiveEvent
0013f838 00000008 b aptEvents
0013f840 00000004 b aptLockHandle
0013f844 00000004 b aptRefCount
0013f848 00000001 b usingIrrst
0013f84c 00000004 b hidRefCount
0013f850 00000006 b gRate
0013f858 00000006 b aVec
0013f860 00000004 b cPos
0013f864 00000004 b tPos
0013f868 00000004 b kRepeat
0013f86c 00000004 b kUp
0013f870 00000004 b kDown
0013f874 00000004 b kHeld
0013f878 00000004 b kOld
0013f87c 00000004 B hidSharedMem
0013f880 00000014 B hidEvents
0013f894 00000004 B hidMemHandle
0013f898 00000004 B hidHandle
0013f89c 00000004 b ptmSysmRefCount
0013f8a0 00000004 b ptmSysmHandle
0013f8a8 00000080 b fsExemptArchives
0013f928 00000004 b fsuRefCount
0013f92c 00000004 b fsuHandle
0013f930 00000004 V __ctru_linear_heap_size
0013f934 00000004 V __ctru_heap_size
0013f938 00000004 B __ctru_linear_heap
0013f93c 00000004 B __ctru_heap
0013f940 00000004 B __system_retAddr
0013f944 00000004 B __system_argv
0013f948 00000004 B __system_argc
0013f94c b saved_stack
0013f954 00000004 b arbiter
0013f958 00000004 B __3dslink_host
0013f95c 00000004 b srvRefCount
0013f960 00000004 b srvHandle
0013f964 00000004 b currentAddr
0013f968 00000004 b maxAddr
0013f96c 00000004 b minAddr
0013f970 00000004 b irrstRefCount
0013f974 00000004 b csPos
0013f978 00000004 b kHeld
0013f97c 00000004 B irrstSharedMem
0013f980 00000004 B irrstEvent
0013f984 00000004 B irrstMemHandle
0013f988 00000004 B irrstHandle
0013f98c 00000004 b srvPmHandle
0013f990 00000540 b archive_devices
0013fed0 00000004 b archive_device_cwd
0013fed4 00000001 b archive_initialized
0013fed8 0000000c b __sinit_recursive_mutex
0013fee4 0000000c b __sfp_recursive_mutex
0013fef0 00000028 B __malloc_current_mallinfo
0013ff18 00000004 B __malloc_max_total_mem
0013ff1c 00000004 B __malloc_max_sbrked_mem
0013ff20 00000004 B __malloc_top_pad
0013ff24 0000000c b __malloc_recursive_mutex
0013ff30 0000000c B __atexit_recursive_mutex
0013ff3c 00000004 b heap_start.0
0013ff40 00000004 B fake_heap_start
0013ff44 00000004 B fake_heap_end
0013ff48 00000400 b temp_cwd
00140348 00000004 b __hndl_lock
0014034c B __tls_start
00140f54 B __bss_end__
00140f54 A __end__
00140f54 B __tls_end
